g:\facultate\licenta\aplicatie\myapplication\gamev1\qtgameengine\x64\debug\sprite2d.obj
g:\facultate\licenta\aplicatie\myapplication\gamev1\qtgameengine\x64\debug\entity.obj
g:\facultate\licenta\aplicatie\myapplication\gamev1\qtgameengine\x64\debug\grid.obj
g:\facultate\licenta\aplicatie\myapplication\gamev1\qtgameengine\x64\debug\sprite.obj
g:\facultate\licenta\aplicatie\myapplication\gamev1\qtgameengine\x64\debug\entitycontroller.obj
g:\facultate\licenta\aplicatie\myapplication\gamev1\qtgameengine\x64\debug\entitysprite.obj
g:\facultate\licenta\aplicatie\myapplication\gamev1\qtgameengine\x64\debug\gameview.obj
g:\facultate\licenta\aplicatie\myapplication\gamev1\qtgameengine\x64\debug\node.obj
g:\facultate\licenta\aplicatie\myapplication\gamev1\qtgameengine\x64\debug\spritesheet.obj
g:\facultate\licenta\aplicatie\myapplication\gamev1\qtgameengine\x64\debug\qtgameengine.pdb
g:\facultate\licenta\aplicatie\myapplication\gamev1\qtgameengine\x64\debug\moc_entitysprite.obj
g:\facultate\licenta\aplicatie\myapplication\gamev1\qtgameengine\x64\debug\moc_sprite.obj
g:\facultate\licenta\aplicatie\myapplication\gamev1\qtgameengine\x64\debug\moc_entity.obj
g:\facultate\licenta\aplicatie\myapplication\gamev1\qtgameengine\x64\debug\moc_sprite2d.obj
g:\facultate\licenta\aplicatie\myapplication\gamev1\x64\debug\qtgameengine.lib
g:\facultate\licenta\aplicatie\myapplication\gamev1\qtgameengine\x64\debug\moc\moc_sprite2d.cpp
g:\facultate\licenta\aplicatie\myapplication\gamev1\qtgameengine\x64\debug\moc\moc_entitysprite.cpp
g:\facultate\licenta\aplicatie\myapplication\gamev1\qtgameengine\x64\debug\moc\moc_sprite.cpp
g:\facultate\licenta\aplicatie\myapplication\gamev1\qtgameengine\x64\debug\moc\moc_entity.cpp
g:\facultate\licenta\aplicatie\myapplication\gamev1\x64\debug\qtgameengine.pdb
g:\facultate\licenta\aplicatie\myapplication\gamev1\qtgameengine\x64\debug\qtgameengine.tlog\cl.command.1.tlog
g:\facultate\licenta\aplicatie\myapplication\gamev1\qtgameengine\x64\debug\qtgameengine.tlog\cl.read.1.tlog
g:\facultate\licenta\aplicatie\myapplication\gamev1\qtgameengine\x64\debug\qtgameengine.tlog\cl.write.1.tlog
g:\facultate\licenta\aplicatie\myapplication\gamev1\qtgameengine\x64\debug\qtgameengine.tlog\lib-link.read.1.tlog
g:\facultate\licenta\aplicatie\myapplication\gamev1\qtgameengine\x64\debug\qtgameengine.tlog\lib-link.write.1.tlog
g:\facultate\licenta\aplicatie\myapplication\gamev1\qtgameengine\x64\debug\qtgameengine.tlog\lib.command.1.tlog
g:\facultate\licenta\aplicatie\myapplication\gamev1\qtgameengine\x64\debug\qtgameengine.tlog\moc.read.1u.tlog
g:\facultate\licenta\aplicatie\myapplication\gamev1\qtgameengine\x64\debug\qtgameengine.tlog\moc.write.1u.tlog
g:\facultate\licenta\aplicatie\myapplication\gamev1\qtgameengine\x64\debug\qtgameengine.tlog\qtgameengine.write.1u.tlog
